<?xml version="1.0" encoding="UTF-8"?>
<!-- Generated by org.testng.reporters.JUnitXMLReporter -->
<testsuite hostname="DESKTOP-3S3P68U" ignored="0" name="API Test" tests="3" failures="1" timestamp="2021-11-28T18:33:56 IST" time="0.057" errors="0">
  <testcase name="Login" time="0.003" classname="Demo.Demo.ExtentDemo"/>
  <testcase name="Payment" time="0.007" classname="Demo.Demo.ExtentDemo">
    <failure type="java.lang.AssertionError" message="expected [false] but found [true]">
      <![CDATA[java.lang.AssertionError: expected [false] but found [true]
at Demo.Demo.ExtentDemo.Payment(ExtentDemo.java:29)
at java.util.ArrayList.forEach(ArrayList.java:1257)
... Removed 33 stack frames]]>
    </failure>
  </testcase> <!-- Payment -->
  <testcase name="Search" time="0.004" classname="Demo.Demo.ExtentDemo"/>
</testsuite> <!-- API Test -->
