<?xml version="1.0" encoding="UTF-8"?>
<testng-results skipped="0" failed="0" ignored="2" total="6" passed="4">
  <reporter-output>
  </reporter-output>
  <suite name="Complete Regression" duration-ms="861" started-at="2021-12-11T17:03:18 IST" finished-at="2021-12-11T17:03:19 IST">
    <groups>
    </groups>
    <test name="UI Test" duration-ms="93" started-at="2021-12-11T17:03:18 IST" finished-at="2021-12-11T17:03:18 IST">
      <class name="Demo.Demo.ExtentDemo">
        <test-method status="PASS" signature="Login()[pri:0, instance:Demo.Demo.ExtentDemo@2145b572]" name="Login" duration-ms="24" started-at="2021-12-11T17:03:18 IST" finished-at="2021-12-11T17:03:18 IST">
          <reporter-output>
          </reporter-output>
        </test-method> <!-- Login -->
        <test-method status="PASS" signature="Search()[pri:0, instance:Demo.Demo.ExtentDemo@2145b572]" name="Search" duration-ms="0" started-at="2021-12-11T17:03:18 IST" finished-at="2021-12-11T17:03:18 IST">
          <reporter-output>
          </reporter-output>
        </test-method> <!-- Search -->
      </class> <!-- Demo.Demo.ExtentDemo -->
    </test> <!-- UI Test -->
    <test name="API Test" duration-ms="6" started-at="2021-12-11T17:03:19 IST" finished-at="2021-12-11T17:03:19 IST">
      <class name="Demo.Demo.ExtentDemo">
        <test-method status="PASS" signature="Login()[pri:0, instance:Demo.Demo.ExtentDemo@5e0826e7]" name="Login" duration-ms="1" started-at="2021-12-11T17:03:19 IST" finished-at="2021-12-11T17:03:19 IST">
          <reporter-output>
          </reporter-output>
        </test-method> <!-- Login -->
        <test-method status="PASS" signature="Search()[pri:0, instance:Demo.Demo.ExtentDemo@5e0826e7]" name="Search" duration-ms="1" started-at="2021-12-11T17:03:19 IST" finished-at="2021-12-11T17:03:19 IST">
          <reporter-output>
          </reporter-output>
        </test-method> <!-- Search -->
      </class> <!-- Demo.Demo.ExtentDemo -->
    </test> <!-- API Test -->
  </suite> <!-- Complete Regression -->
</testng-results>
