<?xml version="1.0" encoding="UTF-8"?>
<testng-results skipped="0" failed="0" ignored="0" total="1" passed="1">
  <reporter-output>
  </reporter-output>
  <suite name="Default suite" duration-ms="22037" started-at="2021-12-26T11:02:51 IST" finished-at="2021-12-26T11:03:13 IST">
    <groups>
    </groups>
    <test name="Default test" duration-ms="22037" started-at="2021-12-26T11:02:51 IST" finished-at="2021-12-26T11:03:13 IST">
      <class name="Grid.BrowserStackDemo">
        <test-method status="PASS" signature="startDriver()[pri:0, instance:Grid.BrowserStackDemo@1d7acb34]" name="startDriver" duration-ms="21915" started-at="2021-12-26T11:02:52 IST" finished-at="2021-12-26T11:03:13 IST">
          <reporter-output>
          </reporter-output>
        </test-method> <!-- startDriver -->
      </class> <!-- Grid.BrowserStackDemo -->
    </test> <!-- Default test -->
  </suite> <!-- Default suite -->
</testng-results>
