<?xml version="1.0" encoding="UTF-8"?>
<!-- Generated by org.testng.reporters.JUnitXMLReporter -->
<testsuite hostname="DESKTOP-3S3P68U" ignored="1" name="UI Test" tests="2" failures="0" timestamp="2021-12-11T17:03:18 IST" time="0.093" errors="0">
  <testcase name="Login" time="0.024" classname="Demo.Demo.ExtentDemo"/>
  <testcase name="Search" time="0.0" classname="Demo.Demo.ExtentDemo"/>
  <testcase name="Payment" time="0.0" classname="Demo.Demo.ExtentDemo">
    <ignored/>
  </testcase> <!-- Payment -->
</testsuite> <!-- UI Test -->
